SF:lib\services\csv_parser_service.dart
DA:13,5
DA:18,10
DA:19,1
DA:23,10
DA:28,5
DA:29,5
DA:30,5
DA:31,10
DA:32,10
DA:33,10
DA:36,5
DA:38,5
DA:45,5
DA:53,5
DA:55,0
DA:58,5
DA:59,0
DA:64,35
DA:66,5
DA:68,1
DA:69,10
DA:72,5
DA:74,5
DA:83,2
DA:86,4
DA:88,2
DA:91,4
DA:92,2
DA:95,4
DA:100,2
DA:102,4
DA:103,1
DA:105,2
DA:106,1
DA:108,1
DA:113,2
DA:116,2
DA:120,5
DA:125,10
DA:126,5
DA:127,10
DA:128,6
DA:137,5
DA:141,5
DA:143,10
DA:144,5
DA:147,15
DA:148,5
DA:151,5
DA:152,5
DA:158,10
DA:159,4
DA:178,5
DA:187,5
DA:193,5
DA:202,2
DA:203,2
DA:207,4
DA:212,8
DA:214,8
DA:215,8
DA:216,16
DA:218,4
DA:220,8
DA:221,12
DA:225,9
DA:228,1
DA:229,2
DA:230,5
LF:69
LH:67
end_of_record
SF:lib\services\inventory_matcher.dart
DA:19,6
DA:29,3
DA:32,6
DA:36,5
DA:40,30
DA:41,5
DA:49,1
DA:50,1
DA:51,1
DA:52,1
DA:53,0
DA:62,6
DA:63,4
DA:65,10
DA:66,2
DA:67,4
DA:68,4
DA:70,4
DA:74,6
DA:75,6
DA:77,6
DA:78,6
DA:80,11
DA:82,9
DA:83,3
DA:84,6
DA:85,3
DA:87,3
DA:91,11
DA:92,5
DA:94,15
DA:95,5
DA:96,5
DA:97,10
DA:99,5
DA:101,6
DA:102,3
DA:109,3
DA:110,3
DA:111,6
DA:113,3
DA:114,5
DA:116,5
DA:120,13
DA:121,3
DA:122,3
DA:123,6
DA:125,3
DA:126,1
DA:128,2
DA:131,5
DA:132,10
DA:133,6
DA:137,6
DA:138,6
DA:144,6
DA:146,6
DA:152,1
DA:157,1
DA:163,3
DA:167,1
DA:172,1
DA:178,1
DA:179,1
DA:180,2
DA:181,2
DA:183,1
DA:188,4
DA:189,4
DA:190,3
DA:192,3
DA:194,3
DA:195,3
DA:196,3
DA:198,6
DA:199,6
DA:200,6
DA:202,6
DA:205,4
DA:206,8
DA:207,4
DA:208,8
DA:209,4
DA:212,6
DA:213,6
DA:215,12
DA:216,6
DA:219,6
DA:226,6
DA:227,6
DA:228,6
DA:232,6
DA:234,10
DA:235,4
DA:236,4
DA:237,8
DA:239,8
DA:240,4
DA:241,8
DA:243,4
DA:244,8
DA:249,10
DA:250,4
DA:251,3
DA:254,3
DA:256,1
DA:258,4
DA:259,3
DA:260,3
DA:261,1
DA:263,8
DA:264,4
DA:265,1
DA:266,4
DA:267,4
DA:268,1
DA:272,4
DA:273,1
DA:277,6
DA:279,5
DA:280,6
DA:283,1
DA:285,0
DA:294,1
DA:296,1
DA:297,2
DA:300,1
DA:303,2
DA:306,1
DA:309,1
DA:312,3
DA:313,3
DA:314,3
DA:315,3
DA:317,1
DA:318,3
LF:136
LH:134
end_of_record
SF:lib\services\part_normalizer.dart
DA:2,8
DA:3,16
DA:4,16
DA:5,16
DA:6,16
DA:7,16
DA:8,8
DA:12,7
DA:13,7
DA:14,7
DA:15,7
DA:16,6
DA:17,6
DA:18,6
DA:21,7
DA:22,14
DA:23,7
DA:32,6
DA:35,6
DA:36,12
DA:39,7
DA:40,14
DA:41,7
DA:43,21
DA:44,18
DA:47,14
DA:50,14
DA:52,2
DA:53,2
DA:54,2
DA:55,4
DA:56,2
DA:62,6
DA:67,6
DA:68,6
DA:69,12
DA:70,6
DA:72,4
DA:73,4
DA:74,4
DA:77,4
DA:78,9
DA:79,2
DA:80,4
DA:83,4
DA:84,4
DA:85,4
DA:95,3
DA:96,2
DA:104,4
DA:108,8
DA:110,8
DA:112,4
DA:114,4
DA:116,4
DA:119,8
DA:121,1
DA:122,1
DA:123,1
DA:124,1
DA:126,2
DA:128,1
DA:133,7
DA:134,14
DA:135,7
DA:136,14
DA:139,0
DA:140,0
LF:68
LH:66
end_of_record
SF:lib\services\kicad_bom_parser.dart
DA:20,2
DA:21,2
DA:24,2
DA:29,2
DA:30,2
DA:34,2
DA:45,4
DA:46,4
DA:47,2
DA:48,0
DA:53,2
DA:57,2
DA:58,2
DA:59,2
DA:61,2
DA:62,2
DA:63,2
DA:68,2
DA:76,2
DA:80,2
DA:81,2
DA:82,2
DA:83,2
DA:87,2
DA:88,2
DA:93,4
DA:95,2
DA:97,2
DA:99,2
DA:113,2
DA:116,2
DA:120,4
DA:121,2
DA:124,3
DA:125,2
DA:126,2
DA:127,3
DA:136,2
DA:144,2
DA:145,2
DA:146,2
DA:149,6
DA:152,4
DA:153,2
DA:160,2
DA:161,4
DA:162,2
DA:163,1
DA:164,1
DA:165,1
DA:166,1
DA:167,1
DA:168,1
DA:169,1
DA:170,1
DA:171,1
DA:174,2
DA:175,8
DA:178,2
DA:179,2
DA:180,2
DA:181,2
DA:182,2
DA:183,2
DA:184,2
DA:185,2
DA:186,2
DA:187,2
DA:190,4
DA:192,4
DA:193,4
DA:199,2
DA:200,2
DA:201,2
DA:205,2
DA:209,2
DA:211,2
DA:213,2
DA:214,2
DA:215,2
DA:216,2
DA:217,2
DA:220,2
DA:222,2
DA:223,4
DA:225,1
DA:227,1
DA:228,0
DA:233,2
DA:237,4
DA:241,2
DA:242,2
DA:243,2
DA:259,2
DA:261,4
DA:262,4
DA:263,5
DA:269,2
DA:270,4
DA:271,10
DA:280,3
DA:286,4
LF:102
LH:100
end_of_record
SF:lib\widgets\bom_import_widget.dart
DA:16,2
DA:23,2
DA:24,2
DA:35,2
DA:37,4
DA:38,2
DA:41,1
DA:42,2
DA:43,1
DA:44,1
DA:48,1
DA:52,1
DA:53,2
DA:54,2
DA:55,1
DA:60,2
DA:61,2
DA:62,1
DA:63,1
DA:68,1
DA:70,2
DA:71,2
DA:72,1
DA:77,1
DA:78,2
DA:79,1
DA:80,1
DA:84,3
DA:85,1
DA:86,2
DA:87,1
DA:88,1
DA:93,1
DA:98,1
DA:99,0
DA:100,0
DA:101,0
DA:106,2
DA:107,2
DA:108,1
DA:109,1
DA:114,1
DA:115,3
DA:117,0
DA:118,0
DA:119,0
DA:124,1
DA:125,1
DA:126,1
DA:127,0
DA:128,0
DA:129,0
DA:134,2
DA:135,2
DA:136,2
DA:137,1
DA:141,1
DA:144,1
DA:145,1
DA:148,2
DA:150,2
DA:152,3
DA:153,1
DA:155,1
DA:160,1
DA:161,1
DA:162,2
DA:163,1
DA:164,2
DA:165,3
DA:166,2
DA:167,2
DA:168,1
DA:169,1
DA:170,1
DA:171,1
DA:172,1
DA:175,1
DA:176,1
DA:177,2
DA:178,1
DA:179,1
DA:180,1
DA:181,1
DA:182,1
DA:183,1
DA:184,1
DA:185,1
DA:186,1
DA:188,1
DA:192,0
DA:193,0
DA:198,2
DA:200,2
DA:201,1
DA:204,2
DA:205,2
DA:207,2
DA:209,2
DA:211,5
DA:218,1
DA:219,3
DA:220,2
DA:222,6
DA:224,6
DA:226,6
DA:228,1
DA:229,1
DA:231,1
DA:233,1
DA:235,1
DA:238,1
DA:239,1
DA:241,4
DA:244,2
DA:246,4
DA:249,3
DA:250,1
DA:252,1
DA:253,2
DA:254,1
DA:255,2
DA:257,1
DA:265,1
DA:267,1
DA:268,2
DA:269,1
DA:270,2
DA:272,1
DA:274,2
DA:276,2
DA:277,2
DA:278,2
DA:279,0
DA:281,1
DA:283,1
DA:284,4
DA:285,1
DA:286,4
DA:287,1
DA:288,1
DA:289,3
DA:291,1
DA:297,1
DA:298,1
DA:300,1
DA:301,1
DA:303,3
DA:304,1
DA:305,1
DA:310,1
DA:311,2
DA:315,1
DA:316,5
DA:330,2
DA:331,6
DA:332,2
DA:334,2
DA:335,2
DA:338,8
DA:341,2
DA:343,8
DA:346,2
DA:348,2
DA:349,2
DA:350,8
DA:353,3
DA:354,1
DA:356,1
DA:357,2
DA:358,1
DA:360,1
DA:361,1
DA:362,2
DA:364,1
DA:365,4
DA:372,2
DA:373,1
DA:374,2
DA:375,2
DA:376,2
DA:381,2
DA:382,4
DA:387,6
DA:393,1
DA:394,3
DA:395,1
DA:398,1
DA:399,1
DA:400,1
DA:401,1
DA:403,4
DA:406,1
DA:408,4
DA:413,1
DA:415,2
DA:418,1
DA:420,1
DA:421,1
DA:431,1
DA:433,1
DA:434,1
DA:435,4
DA:439,1
DA:440,2
DA:442,1
LF:206
LH:194
end_of_record
SF:lib\data\datagrid_helpers.dart
DA:4,5
DA:5,5
DA:6,5
DA:8,4
DA:10,12
DA:11,4
DA:12,8
DA:17,5
DA:18,5
DA:19,4
DA:22,3
DA:24,12
DA:26,3
DA:27,7
DA:28,1
DA:29,1
DA:31,3
DA:33,6
LF:18
LH:18
end_of_record
SF:lib\data\base_datagrid_source.dart
DA:19,4
DA:20,4
DA:41,4
DA:42,20
DA:45,3
DA:46,3
DA:49,1
DA:50,1
DA:53,1
DA:54,3
DA:59,0
DA:61,1
DA:66,3
DA:67,6
DA:68,9
DA:69,2
DA:71,12
DA:74,3
DA:75,6
DA:76,9
DA:77,2
DA:79,3
DA:80,6
DA:81,3
DA:82,3
DA:83,3
DA:87,3
DA:89,6
DA:90,3
DA:93,4
DA:94,4
DA:96,3
DA:99,9
DA:100,3
DA:101,6
DA:102,6
DA:103,9
DA:104,2
DA:108,6
DA:109,1
DA:112,3
DA:113,3
DA:115,3
DA:122,1
DA:127,3
DA:128,3
DA:130,3
DA:133,1
DA:134,3
DA:139,3
DA:143,3
DA:147,1
DA:148,1
DA:149,2
DA:151,1
DA:152,1
DA:154,1
DA:156,1
DA:157,1
DA:158,3
DA:159,1
DA:166,2
DA:172,2
DA:173,4
DA:174,6
DA:175,2
DA:177,2
DA:179,2
DA:180,2
DA:181,2
DA:182,2
DA:183,2
DA:184,2
DA:185,2
DA:186,1
DA:187,1
DA:193,3
DA:199,3
DA:202,3
DA:203,15
DA:204,3
DA:205,3
DA:208,6
DA:210,6
DA:211,3
DA:212,15
DA:215,3
DA:216,3
DA:218,8
DA:220,2
DA:222,4
DA:224,2
DA:225,2
DA:226,2
DA:227,1
DA:229,1
DA:234,3
DA:237,9
DA:240,3
DA:243,2
DA:250,2
DA:251,4
DA:252,6
DA:253,2
DA:258,2
DA:259,8
DA:260,2
DA:261,2
DA:263,2
DA:266,4
DA:267,2
DA:271,4
DA:272,2
DA:274,2
DA:276,2
DA:278,2
DA:279,1
DA:280,1
DA:281,1
DA:287,4
DA:288,4
DA:293,2
DA:295,1
DA:296,2
DA:297,1
DA:301,2
DA:305,2
DA:307,4
DA:330,2
DA:331,2
DA:339,1
DA:344,1
DA:345,2
DA:346,1
DA:360,2
DA:368,2
DA:369,2
DA:381,2
DA:383,2
DA:384,6
DA:385,2
DA:388,2
DA:390,2
DA:391,4
DA:392,4
DA:393,2
DA:396,2
DA:398,10
DA:399,1
DA:403,3
DA:404,1
DA:407,3
DA:408,3
DA:409,3
DA:412,3
DA:413,2
DA:414,2
DA:417,1
DA:419,2
DA:420,1
DA:421,1
DA:422,1
DA:423,2
DA:426,3
DA:427,1
DA:428,2
DA:430,3
DA:432,3
DA:434,1
DA:439,1
DA:440,2
DA:441,2
DA:442,2
DA:443,1
DA:449,1
DA:450,1
DA:452,4
DA:453,2
DA:454,1
DA:455,0
DA:459,6
DA:461,1
DA:462,3
DA:463,2
DA:464,2
DA:465,2
DA:466,2
DA:467,2
DA:468,2
DA:469,2
DA:473,1
DA:476,3
DA:477,1
DA:482,1
DA:483,2
DA:487,1
DA:488,1
DA:491,2
DA:492,2
DA:494,2
DA:496,2
DA:498,1
DA:499,1
DA:502,1
DA:504,1
DA:505,1
DA:507,1
DA:508,1
DA:509,3
DA:511,1
DA:514,2
DA:515,1
DA:517,1
DA:519,1
DA:520,3
DA:524,1
DA:527,2
DA:528,1
DA:529,2
DA:530,1
DA:539,4
DA:542,2
DA:543,3
DA:544,2
DA:547,1
DA:548,1
DA:549,1
DA:550,1
DA:551,1
DA:552,1
DA:553,1
DA:554,1
DA:555,1
DA:557,3
DA:560,1
DA:561,2
DA:562,2
DA:564,1
DA:565,1
DA:566,0
DA:568,1
DA:569,1
DA:570,1
DA:571,3
DA:573,1
DA:575,1
DA:578,0
DA:580,1
DA:581,4
DA:584,1
DA:586,1
DA:588,1
DA:589,1
DA:591,0
DA:593,0
DA:596,0
DA:599,1
DA:600,1
DA:602,1
DA:611,1
DA:613,1
DA:618,1
DA:619,1
DA:620,1
DA:622,1
DA:623,1
DA:631,1
DA:632,1
DA:633,2
DA:634,1
DA:637,3
DA:640,1
DA:641,1
DA:643,1
DA:645,3
DA:654,1
DA:657,3
DA:659,1
DA:660,1
DA:661,1
DA:662,1
DA:663,1
DA:665,3
DA:679,1
DA:680,1
DA:681,1
DA:682,1
DA:683,3
DA:686,2
DA:688,2
DA:689,2
DA:691,2
DA:692,2
DA:699,2
DA:701,2
DA:703,6
DA:711,6
DA:712,1
DA:714,1
DA:716,1
DA:717,3
DA:724,1
DA:725,1
DA:726,1
DA:728,1
DA:729,1
DA:730,1
DA:733,1
DA:734,3
DA:735,1
DA:737,3
DA:746,3
DA:747,1
DA:749,0
DA:759,0
DA:760,0
DA:762,0
DA:763,0
DA:764,0
DA:766,0
LF:320
LH:306
end_of_record
SF:lib\models\columns.dart
DA:22,4
DA:24,12
DA:42,6
DA:51,12
DA:52,12
DA:60,2
DA:61,1
DA:62,1
DA:63,1
DA:64,1
DA:65,1
DA:66,1
DA:67,1
DA:68,1
DA:69,1
DA:70,1
LF:16
LH:16
end_of_record
SF:lib\data\firebase_datagrid_source.dart
DA:12,2
DA:18,6
DA:20,2
DA:21,4
DA:22,4
DA:23,4
DA:24,2
DA:29,2
DA:30,4
DA:32,2
DA:34,6
DA:35,2
DA:37,6
DA:38,4
DA:39,2
DA:42,5
DA:43,1
DA:46,2
DA:47,2
DA:50,2
DA:54,1
DA:60,2
DA:62,3
DA:64,2
DA:67,1
DA:69,3
DA:73,1
DA:74,1
DA:75,1
DA:76,4
LF:30
LH:30
end_of_record
SF:lib\data\inventory_repo.dart
DA:10,2
DA:11,0
DA:13,2
DA:14,4
DA:18,2
DA:19,2
DA:22,2
DA:23,2
DA:27,2
DA:29,8
DA:34,2
DA:40,6
DA:44,2
DA:46,4
DA:47,6
DA:48,2
DA:49,2
DA:53,2
DA:55,4
DA:56,6
DA:57,2
DA:58,2
DA:67,2
DA:68,12
DA:72,1
DA:73,4
DA:75,1
DA:80,1
DA:81,3
DA:85,1
DA:86,3
DA:90,1
DA:91,2
DA:92,2
DA:94,2
DA:95,1
DA:99,1
DA:100,4
DA:101,1
DA:102,1
LF:40
LH:39
end_of_record
SF:lib\models\board.dart
DA:14,5
DA:24,2
DA:25,2
DA:26,2
DA:29,2
DA:30,2
DA:31,4
DA:32,2
DA:33,2
DA:35,2
DA:36,2
DA:40,6
DA:41,6
DA:42,6
DA:43,5
DA:44,5
DA:45,2
DA:46,6
DA:47,5
DA:48,6
DA:51,2
DA:52,4
DA:54,2
DA:55,1
DA:58,2
DA:59,2
DA:60,2
DA:61,2
DA:74,5
DA:84,2
DA:85,2
DA:86,2
DA:87,2
DA:88,2
DA:89,2
DA:90,2
DA:91,2
DA:92,2
DA:93,2
DA:96,8
DA:97,2
LF:41
LH:41
end_of_record
SF:lib\models\procurement.dart
DA:11,1
DA:20,2
DA:27,1
DA:28,1
DA:29,1
DA:31,1
DA:49,1
DA:76,2
DA:92,6
DA:94,2
DA:95,2
DA:96,2
DA:99,2
DA:100,4
DA:101,2
DA:102,4
DA:105,1
DA:106,3
DA:107,3
DA:115,2
DA:117,2
DA:118,10
DA:120,2
DA:121,10
DA:123,2
DA:124,10
DA:126,2
DA:127,10
DA:129,1
DA:130,6
DA:132,1
DA:133,6
DA:135,4
DA:136,1
DA:137,1
DA:140,2
DA:141,2
DA:142,2
DA:152,4
DA:153,4
DA:154,2
DA:155,2
DA:156,2
DA:157,4
DA:158,2
DA:159,2
DA:163,2
DA:166,2
DA:167,2
DA:168,4
DA:169,8
DA:171,4
LF:52
LH:52
end_of_record
SF:lib\data\list_map_source.dart
DA:11,2
DA:20,2
DA:21,4
DA:23,2
DA:25,4
DA:26,2
DA:28,6
DA:29,4
DA:30,2
DA:31,2
DA:32,2
DA:34,2
DA:38,2
DA:45,6
DA:48,4
DA:51,1
DA:53,2
LF:17
LH:17
end_of_record
SF:lib\services\auth_service.dart
DA:15,4
DA:18,1
DA:19,8
DA:20,0
DA:26,4
DA:27,4
DA:28,4
DA:29,1
DA:32,8
DA:34,4
DA:36,4
DA:37,1
DA:40,1
DA:41,2
DA:42,3
DA:43,2
DA:44,2
DA:47,1
DA:48,1
DA:50,1
DA:54,1
DA:55,1
DA:56,2
DA:59,0
DA:61,1
DA:64,1
DA:65,1
DA:67,1
DA:70,1
LF:29
LH:27
end_of_record
SF:lib\data\boards_repo.dart
DA:7,2
DA:8,0
DA:10,1
DA:11,2
DA:13,1
DA:14,2
DA:15,1
DA:16,3
DA:18,2
DA:19,1
DA:20,2
DA:21,2
DA:22,2
DA:24,2
DA:25,1
DA:26,1
DA:29,1
DA:30,3
DA:34,5
DA:35,1
LF:20
LH:19
end_of_record
SF:lib\services\board_build_service.dart
DA:9,3
DA:10,0
DA:12,1
DA:16,1
DA:20,5
DA:21,1
DA:26,3
DA:27,1
DA:28,1
DA:29,1
DA:30,1
DA:32,2
DA:33,1
DA:34,2
DA:35,1
DA:40,1
DA:41,2
DA:46,2
DA:47,1
DA:50,1
DA:51,0
DA:52,0
DA:53,0
DA:56,2
DA:61,5
DA:62,3
DA:63,1
DA:67,2
DA:68,1
DA:69,1
DA:70,3
DA:72,1
DA:73,3
DA:75,1
DA:76,2
DA:80,1
DA:86,3
DA:88,3
DA:89,2
DA:90,1
DA:91,1
DA:92,2
DA:93,1
DA:94,1
DA:95,0
DA:96,0
DA:100,3
DA:101,2
DA:103,3
DA:104,1
DA:105,2
DA:110,2
DA:111,1
DA:112,1
DA:113,2
DA:114,2
DA:115,3
DA:116,1
DA:120,2
DA:122,1
DA:123,1
DA:125,1
DA:126,5
DA:128,3
DA:129,2
DA:130,1
DA:131,2
DA:132,2
DA:133,1
DA:135,1
DA:139,1
DA:140,1
DA:145,2
DA:146,2
DA:147,2
DA:148,2
DA:150,2
DA:151,2
DA:155,2
DA:156,4
DA:159,2
DA:163,2
DA:164,2
DA:170,2
DA:171,4
DA:172,2
DA:173,4
DA:174,2
DA:176,4
DA:177,4
DA:178,2
DA:184,4
DA:187,1
DA:188,3
DA:189,0
DA:190,1
DA:191,1
DA:193,1
DA:199,2
DA:205,6
DA:206,2
DA:207,2
DA:208,2
DA:214,4
DA:215,2
DA:216,3
DA:218,6
DA:219,4
DA:220,2
DA:225,4
DA:226,2
DA:231,2
DA:235,4
DA:237,2
DA:238,4
DA:239,4
DA:242,1
DA:245,1
DA:246,1
DA:247,1
DA:248,6
DA:254,2
DA:256,4
DA:259,1
DA:262,1
DA:263,1
DA:264,1
DA:265,1
DA:266,1
DA:267,1
DA:268,1
DA:269,1
DA:270,1
DA:271,1
DA:272,1
DA:276,1
DA:280,1
DA:281,1
DA:283,1
DA:285,1
DA:286,1
DA:287,1
DA:289,1
DA:290,1
DA:292,1
DA:293,1
DA:295,1
DA:296,1
DA:299,1
DA:300,1
DA:302,1
DA:303,1
DA:305,1
DA:306,1
DA:308,1
DA:309,1
DA:311,1
DA:312,1
DA:314,1
DA:318,1
DA:319,3
DA:320,0
DA:321,0
DA:324,1
DA:325,1
DA:326,1
DA:327,1
DA:328,0
DA:336,1
DA:345,1
DA:353,2
DA:359,2
DA:363,2
DA:366,1
DA:370,1
LF:175
LH:165
end_of_record
SF:lib\services\datagrid_column_manager.dart
DA:13,3
DA:16,3
DA:17,3
DA:18,6
DA:21,1
DA:22,2
DA:24,0
DA:25,0
DA:31,2
DA:33,2
DA:34,10
DA:36,0
DA:41,2
DA:42,2
DA:43,2
DA:44,6
DA:45,6
DA:46,8
DA:49,4
DA:50,6
DA:51,2
DA:52,8
DA:59,2
DA:60,4
DA:61,6
DA:62,2
DA:63,8
DA:70,2
DA:72,2
DA:73,10
DA:75,2
DA:76,8
DA:78,2
DA:79,10
DA:83,6
DA:84,4
DA:85,16
DA:90,6
DA:91,2
DA:92,8
DA:93,2
DA:95,2
DA:98,2
DA:99,2
DA:100,2
DA:101,6
DA:102,6
DA:104,2
DA:106,2
DA:108,8
DA:111,2
DA:113,4
DA:114,4
DA:115,14
DA:119,9
DA:128,2
DA:129,2
DA:133,2
DA:134,4
DA:138,2
DA:139,2
DA:140,2
DA:144,1
DA:145,2
DA:147,1
DA:148,3
DA:150,0
DA:162,3
LF:68
LH:64
end_of_record
SF:lib\services\inventory_audit_service.dart
DA:9,3
DA:10,0
DA:12,1
DA:14,1
DA:15,1
DA:16,1
DA:17,1
DA:19,1
DA:20,1
DA:36,2
DA:37,1
DA:38,2
DA:39,1
DA:40,1
DA:41,1
DA:42,1
DA:43,1
DA:44,1
DA:45,1
DA:46,1
DA:47,1
DA:48,1
DA:49,1
DA:50,1
DA:54,1
DA:57,1
DA:58,1
DA:89,1
DA:90,0
DA:93,1
DA:97,2
DA:98,1
DA:103,2
DA:107,1
DA:108,0
DA:112,2
DA:113,1
DA:114,1
DA:119,3
DA:121,2
DA:125,3
DA:127,1
DA:128,1
DA:130,1
DA:132,2
DA:136,2
DA:140,2
DA:144,2
DA:149,2
DA:154,2
DA:158,2
DA:162,2
DA:166,1
DA:172,3
DA:173,2
DA:174,2
DA:176,1
DA:178,1
DA:183,1
DA:189,2
DA:193,1
DA:194,1
DA:195,1
DA:196,2
DA:200,2
DA:202,2
DA:203,1
DA:204,4
DA:205,1
DA:206,3
DA:207,2
DA:208,1
DA:209,1
DA:212,2
DA:213,2
DA:214,2
DA:215,1
DA:216,1
DA:219,1
DA:222,1
DA:227,2
DA:228,2
DA:229,1
DA:240,1
DA:250,1
DA:257,1
LF:86
LH:83
end_of_record
SF:lib\services\procurement_planner_service.dart
DA:13,1
DA:14,0
DA:16,1
DA:20,5
DA:21,1
DA:27,3
DA:28,4
DA:30,1
DA:31,1
DA:33,1
DA:34,1
DA:36,1
DA:42,3
DA:43,1
DA:45,2
DA:47,2
DA:48,2
DA:51,1
DA:58,3
DA:59,1
DA:61,3
DA:62,3
DA:63,3
DA:64,3
DA:65,1
DA:71,1
DA:73,2
DA:80,2
DA:81,2
DA:84,2
DA:85,2
DA:86,5
DA:87,2
DA:88,1
DA:89,3
DA:91,1
DA:96,1
DA:97,1
DA:98,1
DA:104,1
DA:114,2
DA:115,1
DA:117,1
DA:118,0
DA:119,0
DA:120,0
DA:121,0
DA:125,1
DA:127,1
DA:135,2
DA:136,3
DA:138,3
DA:139,1
DA:143,1
DA:145,2
DA:146,2
DA:148,1
DA:149,1
DA:150,2
DA:151,2
DA:153,3
DA:154,2
DA:155,1
DA:156,1
DA:158,1
DA:160,1
DA:164,2
DA:165,2
DA:166,2
DA:170,1
DA:173,4
DA:178,2
DA:179,1
DA:180,1
DA:183,1
DA:184,1
DA:186,1
DA:188,1
DA:189,1
DA:190,1
DA:191,1
DA:193,1
DA:196,3
DA:201,2
DA:202,3
DA:203,1
DA:204,5
DA:205,1
DA:206,5
DA:210,1
DA:211,1
DA:212,2
DA:213,1
DA:214,1
DA:215,1
DA:216,3
DA:219,1
DA:220,2
DA:221,3
DA:222,1
DA:223,3
DA:224,2
DA:228,1
DA:231,1
DA:235,1
DA:237,2
DA:238,2
DA:239,2
DA:240,2
DA:241,2
DA:242,1
DA:243,1
DA:247,1
DA:248,1
DA:249,1
DA:251,2
DA:252,2
DA:253,1
DA:254,1
DA:256,1
DA:258,2
DA:259,2
DA:264,2
DA:265,3
DA:266,1
DA:267,5
DA:268,1
DA:269,0
DA:272,2
DA:275,1
DA:279,1
DA:280,2
DA:284,2
DA:287,2
DA:288,1
DA:290,3
DA:291,1
DA:295,2
DA:296,3
DA:303,1
DA:305,1
DA:306,1
DA:307,2
DA:308,1
DA:313,1
DA:319,1
DA:320,1
DA:321,2
DA:322,2
DA:323,2
DA:324,2
DA:327,1
DA:329,2
DA:339,1
DA:350,1
LF:155
LH:149
end_of_record
SF:lib\services\readiness_calculator.dart
DA:10,1
DA:14,2
DA:25,0
DA:26,0
DA:27,0
DA:28,1
DA:33,5
DA:35,1
DA:44,2
DA:45,1
DA:46,1
DA:49,1
DA:55,1
DA:57,1
DA:58,2
DA:61,1
DA:62,1
DA:63,2
DA:65,2
DA:69,2
DA:73,2
DA:75,1
DA:77,1
DA:78,3
DA:83,1
DA:90,1
DA:93,1
DA:94,2
DA:96,1
DA:97,2
DA:100,1
LF:31
LH:28
end_of_record
SF:lib\models\readiness.dart
DA:8,1
DA:20,1
LF:2
LH:2
end_of_record
SF:lib\pages\admin.dart
DA:17,2
DA:25,2
DA:27,2
DA:28,2
DA:30,2
DA:31,2
DA:32,2
DA:36,0
DA:37,0
DA:38,0
DA:48,2
DA:55,2
DA:56,2
DA:63,2
DA:64,4
DA:65,0
DA:66,0
DA:77,2
DA:79,2
DA:80,2
DA:81,2
DA:82,2
DA:83,4
DA:84,4
DA:86,2
DA:88,2
DA:90,2
DA:91,2
DA:94,2
DA:95,2
DA:96,2
DA:97,4
DA:99,2
DA:101,2
DA:103,2
DA:104,2
DA:106,6
DA:109,2
DA:111,4
DA:113,1
DA:123,2
DA:125,2
DA:126,2
DA:128,4
DA:129,2
DA:130,2
DA:131,2
DA:132,2
DA:133,2
DA:134,2
DA:135,0
DA:137,2
DA:141,4
DA:142,2
DA:148,2
DA:149,2
DA:151,0
DA:152,2
DA:153,2
DA:154,2
DA:156,4
DA:158,4
DA:161,4
DA:164,2
DA:165,2
DA:166,2
DA:169,2
DA:171,2
DA:172,4
DA:176,2
DA:177,2
DA:178,2
DA:179,2
DA:183,2
DA:184,2
DA:185,2
DA:187,3
DA:189,4
DA:190,2
DA:191,4
DA:195,2
DA:197,6
DA:198,6
DA:201,6
DA:228,2
DA:229,2
DA:231,8
DA:233,6
DA:234,1
DA:235,3
DA:238,1
DA:239,1
DA:240,1
DA:241,1
DA:242,4
DA:244,1
DA:245,1
DA:246,1
DA:247,4
DA:249,2
DA:250,8
DA:255,2
DA:256,2
DA:257,2
DA:259,2
DA:261,2
DA:271,2
DA:272,2
DA:273,2
DA:274,4
DA:279,2
DA:281,4
DA:282,2
DA:283,8
DA:284,8
DA:287,2
DA:304,1
DA:305,1
DA:307,3
DA:309,3
DA:310,2
DA:314,1
DA:317,2
DA:318,3
DA:320,1
DA:321,3
DA:322,3
DA:325,1
DA:326,1
DA:327,1
DA:328,4
DA:330,4
DA:334,1
DA:335,1
DA:337,1
DA:338,1
DA:340,2
DA:345,1
DA:346,1
DA:347,0
DA:350,1
DA:351,2
DA:352,1
DA:353,4
DA:354,4
DA:362,1
DA:364,3
DA:366,2
DA:368,1
DA:370,2
DA:372,2
DA:374,1
DA:375,2
DA:376,0
DA:377,0
DA:382,3
DA:385,1
DA:386,3
DA:387,1
DA:388,1
DA:389,4
DA:393,1
DA:394,1
DA:395,1
DA:396,1
DA:397,4
DA:399,1
DA:400,1
DA:401,1
DA:402,4
DA:404,4
DA:408,2
DA:410,4
DA:411,6
DA:412,20
LF:175
LH:165
end_of_record
SF:lib\widgets\boards_editor\frontmatter.dart
DA:11,2
DA:13,2
DA:26,2
DA:38,2
DA:39,2
DA:45,2
DA:47,4
DA:49,2
DA:50,2
DA:51,4
DA:54,1
DA:56,1
DA:57,1
DA:59,1
DA:63,3
DA:69,1
DA:71,1
DA:72,2
DA:74,1
DA:76,1
DA:83,2
DA:84,2
DA:86,2
DA:88,1
DA:89,1
DA:90,1
DA:91,2
DA:92,2
DA:100,1
DA:102,1
DA:103,2
DA:104,2
DA:111,0
DA:116,1
DA:117,1
DA:118,1
DA:120,1
DA:121,2
DA:122,2
DA:131,2
DA:133,1
DA:135,1
DA:136,2
DA:137,2
DA:144,0
DA:149,2
DA:150,2
DA:151,4
DA:152,4
DA:164,2
DA:165,2
DA:166,4
DA:167,2
DA:168,2
DA:169,2
DA:176,6
DA:177,2
DA:179,2
DA:180,2
DA:181,2
DA:185,2
DA:186,4
DA:187,4
DA:188,2
DA:191,2
DA:195,2
DA:196,8
DA:202,2
DA:203,2
DA:204,8
DA:205,4
DA:206,2
DA:208,2
DA:209,2
DA:212,2
DA:213,2
DA:215,8
DA:216,0
DA:217,0
DA:221,2
DA:222,4
DA:223,2
DA:224,2
DA:225,4
DA:232,8
DA:236,2
DA:237,2
DA:240,2
DA:241,2
DA:242,2
DA:244,2
DA:245,2
DA:247,2
DA:248,2
DA:249,2
DA:251,8
DA:260,2
DA:261,2
DA:262,2
DA:263,2
DA:268,2
DA:269,2
DA:271,2
DA:272,8
DA:275,2
DA:276,4
DA:277,2
DA:278,2
DA:283,2
DA:285,2
DA:286,8
DA:289,2
DA:290,2
DA:291,2
DA:292,2
DA:293,2
LF:116
LH:112
end_of_record
SF:lib\pages\boards_editor.dart
DA:21,1
DA:28,1
DA:29,1
DA:48,1
DA:50,1
DA:51,3
DA:52,3
DA:53,1
DA:54,3
DA:55,3
DA:56,3
DA:57,3
DA:60,1
DA:61,1
DA:62,3
DA:65,1
DA:66,4
DA:69,1
DA:70,2
DA:71,1
DA:72,3
DA:81,1
DA:83,1
DA:84,1
DA:85,3
DA:86,1
DA:87,1
DA:88,1
DA:89,2
DA:90,3
DA:91,3
DA:92,3
DA:93,3
DA:94,1
DA:95,3
DA:96,1
DA:98,1
DA:100,1
DA:101,1
DA:105,1
DA:106,1
DA:107,4
DA:108,1
DA:109,1
DA:110,1
DA:113,3
DA:116,2
DA:117,5
DA:118,3
DA:121,4
DA:123,2
DA:125,1
DA:126,1
DA:127,4
DA:128,1
DA:129,4
DA:130,1
DA:131,3
DA:132,1
DA:133,1
DA:134,1
DA:135,3
DA:138,2
DA:140,1
DA:141,2
DA:142,1
DA:143,1
DA:145,2
DA:146,3
DA:147,1
DA:148,1
DA:149,2
DA:155,1
DA:156,3
DA:157,1
DA:158,1
DA:160,2
DA:165,1
DA:166,1
DA:167,2
DA:170,1
DA:171,0
DA:177,1
DA:180,1
DA:181,1
DA:182,2
DA:184,3
DA:191,2
DA:192,1
DA:193,1
DA:194,1
DA:195,4
DA:196,3
DA:198,1
DA:199,1
DA:200,1
DA:201,4
DA:205,1
DA:206,1
DA:207,2
DA:209,3
DA:215,1
DA:216,1
DA:218,2
DA:223,1
DA:224,1
DA:225,2
DA:228,1
DA:229,2
DA:230,1
DA:231,4
DA:232,4
DA:240,1
DA:243,2
DA:244,1
DA:245,1
DA:246,1
DA:247,1
DA:248,2
DA:250,1
DA:251,1
DA:252,1
DA:253,4
DA:257,1
DA:258,1
DA:260,2
DA:261,1
DA:262,1
DA:264,2
DA:270,1
DA:271,1
DA:272,2
DA:275,1
DA:276,1
DA:277,1
DA:278,3
DA:280,1
DA:281,4
DA:282,4
DA:290,0
DA:294,1
DA:295,3
DA:298,1
DA:299,1
DA:300,2
DA:301,1
DA:302,1
DA:303,1
DA:305,3
DA:306,4
DA:310,1
DA:313,3
DA:316,1
DA:317,1
DA:318,1
DA:319,1
DA:322,1
DA:323,2
DA:324,2
DA:325,1
DA:326,2
DA:329,1
DA:330,5
DA:331,3
DA:333,3
DA:334,1
DA:335,3
DA:337,3
DA:338,1
DA:339,1
DA:342,3
DA:343,1
DA:344,1
DA:347,2
DA:348,1
DA:353,1
DA:354,1
DA:355,0
DA:358,1
DA:359,1
DA:360,2
DA:362,3
DA:366,1
DA:368,2
DA:370,1
DA:373,1
DA:375,1
DA:378,1
DA:380,1
DA:382,1
DA:383,1
DA:384,2
DA:386,3
DA:387,1
DA:390,4
DA:391,0
DA:393,1
DA:394,1
DA:399,2
DA:400,1
DA:401,1
DA:404,1
DA:406,6
DA:407,3
DA:408,1
DA:409,4
DA:414,0
DA:415,0
DA:416,0
DA:417,0
DA:418,0
DA:423,1
DA:424,1
DA:425,2
DA:426,3
DA:432,1
DA:442,1
DA:446,2
DA:447,1
DA:454,1
DA:458,0
DA:460,0
DA:461,0
DA:464,0
DA:465,0
DA:469,0
DA:470,0
DA:471,0
DA:472,0
DA:473,0
DA:474,0
DA:475,0
DA:476,0
DA:477,0
DA:480,0
DA:481,0
DA:490,0
DA:493,1
DA:494,1
DA:495,1
DA:500,1
DA:501,1
DA:502,1
DA:503,1
DA:506,1
DA:508,1
DA:509,1
DA:510,1
DA:511,1
DA:512,2
DA:513,2
DA:515,1
DA:517,1
DA:519,1
DA:521,1
DA:522,1
DA:524,1
DA:525,1
DA:526,1
DA:527,1
DA:529,1
DA:531,1
DA:533,0
DA:540,0
DA:541,0
DA:544,0
DA:550,1
DA:551,1
DA:552,1
DA:553,1
DA:554,1
DA:556,3
DA:557,2
DA:558,1
DA:560,1
DA:561,1
DA:564,1
DA:566,1
DA:567,1
DA:568,1
DA:570,3
DA:573,3
DA:574,1
DA:575,3
DA:576,1
DA:579,1
DA:580,7
DA:581,1
DA:583,1
DA:584,1
DA:585,3
DA:587,2
DA:589,1
DA:590,7
DA:591,1
DA:594,1
DA:595,4
DA:596,2
DA:598,1
DA:599,7
DA:600,1
DA:604,1
DA:605,3
DA:606,1
DA:608,1
DA:609,1
DA:612,1
DA:625,1
DA:627,2
DA:628,1
DA:631,1
DA:632,2
DA:635,1
DA:636,1
DA:637,1
DA:643,1
DA:644,1
DA:646,1
DA:647,1
DA:651,1
DA:653,1
DA:654,1
DA:656,1
DA:657,1
DA:658,1
DA:661,2
DA:662,1
DA:663,1
DA:665,1
DA:666,1
DA:667,1
DA:670,1
DA:673,1
DA:675,1
DA:676,1
DA:689,1
DA:691,1
DA:692,1
DA:693,1
DA:695,3
DA:698,0
DA:699,0
DA:700,0
DA:709,1
DA:711,1
DA:712,1
DA:714,1
DA:715,1
DA:716,1
DA:720,1
DA:721,3
DA:723,1
DA:732,2
DA:745,1
DA:746,1
DA:747,2
DA:750,1
DA:751,2
LF:358
LH:325
end_of_record
SF:lib\widgets\unified_data_grid.dart
DA:68,2
DA:85,2
DA:92,0
DA:102,0
DA:115,0
DA:127,0
DA:143,2
DA:154,2
DA:167,2
DA:168,2
DA:173,2
DA:180,2
DA:182,2
DA:183,4
DA:184,3
DA:186,2
DA:189,2
DA:191,4
DA:192,2
DA:193,2
DA:195,4
DA:198,4
DA:199,10
DA:200,2
DA:202,4
DA:203,3
DA:209,1
DA:211,3
DA:212,1
DA:216,1
DA:217,4
DA:218,3
DA:219,1
DA:220,1
DA:222,2
DA:223,1
DA:224,1
DA:225,4
DA:226,1
DA:228,3
DA:229,1
DA:233,1
DA:234,4
DA:235,1
DA:237,2
DA:238,1
DA:239,6
DA:240,1
DA:245,1
DA:246,2
DA:250,1
DA:251,4
DA:252,2
DA:253,4
DA:254,2
DA:258,1
DA:259,2
DA:264,1
DA:270,1
DA:271,1
DA:272,3
DA:274,1
DA:276,1
DA:277,1
DA:278,1
DA:279,1
DA:280,1
DA:281,1
DA:282,1
DA:293,1
DA:294,3
DA:295,0
DA:296,0
DA:297,0
DA:298,0
DA:301,1
DA:302,1
DA:303,1
DA:304,1
DA:305,1
DA:306,1
DA:314,1
DA:318,4
DA:319,4
DA:321,1
DA:322,1
DA:323,2
DA:326,2
DA:327,1
DA:328,2
DA:329,1
DA:330,2
DA:331,1
DA:335,1
DA:336,1
DA:337,1
DA:346,1
DA:348,1
DA:349,1
DA:350,1
DA:351,3
DA:354,1
DA:356,1
DA:358,1
DA:359,1
DA:360,1
DA:361,1
DA:364,3
DA:367,3
DA:370,1
DA:380,2
DA:383,2
DA:387,2
DA:392,1
DA:393,1
DA:394,1
DA:396,2
DA:397,2
DA:399,0
DA:400,0
DA:401,0
DA:406,2
DA:407,2
DA:409,2
DA:410,1
DA:411,2
DA:424,2
DA:426,2
DA:429,4
DA:430,2
DA:434,1
DA:435,2
DA:436,2
DA:437,2
DA:438,1
DA:439,4
DA:440,5
DA:443,1
DA:447,2
DA:448,1
DA:449,2
DA:451,2
DA:452,2
DA:453,2
DA:455,1
DA:456,5
DA:457,2
DA:458,1
DA:459,1
DA:463,2
DA:464,1
DA:466,2
DA:467,2
DA:470,1
DA:476,1
DA:477,4
DA:478,1
DA:479,5
DA:480,2
DA:481,1
DA:482,1
DA:486,2
DA:487,1
DA:489,2
DA:490,2
DA:493,1
LF:166
LH:155
end_of_record
